4.5655 	EXP 	Created window1 = Window(allowGUI=False, allowStencil=False, autoLog=True, backendConf=UNKNOWN, bitsMode=UNKNOWN, blendMode='avg', bpc=(8, 8, 8), color=array([-1, -1, -1]), colorSpace='rgb', depthBits=8, fullscr=<method-wrapper '__getattribute__' of attributeSetter object at 0x000001C3B2297C88>, gamma=None, gammaErrorPolicy='raise', lms=UNKNOWN, monitor=<psychopy.monitors.calibTools.Monitor object at 0x000001C3B21ED3C8>, multiSample=False, name='window1', numSamples=2, pos=[0.0, 0.0], screen=0, size=array([1920, 1080]), stencilBits=0, stereo=False, units='height', useFBO=True, useRetina=False, viewOri=0.0, viewPos=None, viewScale=None, waitBlanking=True, winType='pyglet')
4.5660 	EXP 	window1: mouseVisible = True
4.5660 	EXP 	window1: recordFrameIntervals = False
4.7319 	EXP 	window1: recordFrameIntervals = True
4.9153 	EXP 	window1: recordFrameIntervals = False
5.0507 	EXP 	Created instr_text = TextStim(__class__=<class 'psychopy.visual.text.TextStim'>, alignHoriz=method-wrapper(...), alignText='center', alignVert=method-wrapper(...), anchorHoriz='center', anchorVert='center', antialias=True, autoLog=True, bold=False, color=array([1, 1, 1]), colorSpace='rgb', contrast=1.0, depth=0.0, flipHoriz=False, flipVert=False, font='Arial', fontFiles=[], height=0.05, italic=False, languageStyle='LTR', name='instr_text', opacity=1, ori=0, pos=array([0., 0.]), rgb=UNKNOWN, text=str(...), units='height', win=Window(...), wrapWidth=1)
5.0568 	EXP 	Created cont_text = TextStim(__class__=<class 'psychopy.visual.text.TextStim'>, alignHoriz=method-wrapper(...), alignText='center', alignVert=method-wrapper(...), anchorHoriz='center', anchorVert='center', antialias=True, autoLog=True, bold=False, color=array([1, 1, 1]), colorSpace='rgb', contrast=1.0, depth=-1.0, flipHoriz=False, flipVert=False, font='Arial', fontFiles=[], height=0.05, italic=False, languageStyle='LTR', name='cont_text', opacity=1, ori=0, pos=array([ 0. , -0.4]), rgb=UNKNOWN, text='Press SPACE to begin.', units='height', win=Window(...), wrapWidth=1)
5.0609 	EXP 	Created image = ImageStim(__class__=<class 'psychopy.visual.image.ImageStim'>, autoLog=True, color=array([1, 1, 1]), colorSpace='rgb', contrast=1.0, depth=0.0, flipHoriz=False, flipVert=False, image='sin', interpolate=True, mask=None, maskParams=None, name='image', opacity=1, ori=0.0, pos=array([0., 0.]), size=array([1., 1.]), texRes=128, units='height', win=Window(...))
5.0677 	EXP 	Created done_text = TextStim(__class__=<class 'psychopy.visual.text.TextStim'>, alignHoriz=method-wrapper(...), alignText='center', alignVert=method-wrapper(...), anchorHoriz='center', anchorVert='center', antialias=True, autoLog=True, bold=False, color=array([1, 1, 1]), colorSpace='rgb', contrast=1.0, depth=0.0, flipHoriz=False, flipVert=False, font='Arial', fontFiles=[], height=0.05, italic=False, languageStyle='LTR', name='done_text', opacity=1, ori=0, pos=array([0., 0.]), rgb=UNKNOWN, text='Good work!\n\nYou have completed this task.', units='height', win=Window(...), wrapWidth=1)
5.0704 	EXP 	Created end_text = TextStim(__class__=<class 'psychopy.visual.text.TextStim'>, alignHoriz=method-wrapper(...), alignText='center', alignVert=method-wrapper(...), anchorHoriz='center', anchorVert='center', antialias=True, autoLog=True, bold=False, color=array([1, 1, 1]), colorSpace='rgb', contrast=1.0, depth=-2.0, flipHoriz=False, flipVert=False, font='Arial', fontFiles=[], height=0.05, italic=False, languageStyle='LTR', name='end_text', opacity=1, ori=0, pos=array([ 0. , -0.4]), rgb=UNKNOWN, text='Press SPACE to continue.', units='height', win=Window(...), wrapWidth=1)
5.1538 	EXP 	instr_text: autoDraw = True
5.1538 	EXP 	cont_text: autoDraw = True
6.2623 	EXP 	Imported RPM_items.xlsx as conditions, 60 conditions, 3 params
6.2626 	EXP 	Created sequence: sequential, trialTypes=60, nReps=1, seed=None
6.2629 	EXP 	New trial (rep=0, index=0): {'index': 0, 'image_file': '1.jpg', 'correct': 4}
6.3072 	DATA 	Keypress: space
6.3150 	EXP 	instr_text: autoDraw = False
6.3150 	EXP 	cont_text: autoDraw = False
6.3150 	EXP 	image: image = '1.jpg'
6.3150 	EXP 	image: autoDraw = True
6.9027 	DATA 	Keypress: space
8.0040 	EXP 	New trial (rep=0, index=1): {'index': 1, 'image_file': '2.jpg', 'correct': 5}
8.0526 	DATA 	Keypress: 1
8.0652 	EXP 	image: autoDraw = False
8.0652 	EXP 	image: image = '2.jpg'
8.0652 	EXP 	image: autoDraw = True
8.1693 	DATA 	Keypress: 1
8.1861 	EXP 	New trial (rep=0, index=2): {'index': 2, 'image_file': '3.jpg', 'correct': 1}
8.2485 	EXP 	image: autoDraw = False
8.2485 	EXP 	image: image = '3.jpg'
8.2485 	EXP 	image: autoDraw = True
8.3190 	EXP 	New trial (rep=0, index=3): {'index': 3, 'image_file': '4.jpg', 'correct': 2}
8.3549 	DATA 	Keypress: 1
8.3652 	EXP 	image: autoDraw = False
8.3652 	EXP 	image: image = '4.jpg'
8.3652 	EXP 	image: autoDraw = True
8.6693 	EXP 	New trial (rep=0, index=4): {'index': 4, 'image_file': '5.jpg', 'correct': 6}
8.7190 	DATA 	Keypress: 1
8.7320 	EXP 	image: autoDraw = False
8.7320 	EXP 	image: image = '5.jpg'
8.7320 	EXP 	image: autoDraw = True
9.0521 	EXP 	New trial (rep=0, index=5): {'index': 5, 'image_file': '6.jpg', 'correct': 3}
9.0890 	DATA 	Keypress: 1
9.0983 	EXP 	image: autoDraw = False
9.0983 	EXP 	image: image = '6.jpg'
9.0983 	EXP 	image: autoDraw = True
9.4742 	DATA 	Keypress: 1
9.4817 	EXP 	image: autoDraw = False
9.4817 	EXP 	done_text: autoDraw = True
9.4817 	EXP 	end_text: autoDraw = True
10.8030 	DATA 	Keypress: escape
11.0201 	EXP 	window1: mouseVisible = True
