4.9685 	EXP 	Created window1 = Window(allowGUI=False, allowStencil=False, autoLog=True, backendConf=UNKNOWN, bitsMode=UNKNOWN, blendMode='avg', bpc=(8, 8, 8), color=array([-1, -1, -1]), colorSpace='rgb', depthBits=8, fullscr=<method-wrapper '__getattribute__' of attributeSetter object at 0x00000175B5FB7C88>, gamma=None, gammaErrorPolicy='raise', lms=UNKNOWN, monitor=<psychopy.monitors.calibTools.Monitor object at 0x00000175B5F0D3C8>, multiSample=False, name='window1', numSamples=2, pos=[0.0, 0.0], screen=0, size=array([1920, 1080]), stencilBits=0, stereo=False, units='height', useFBO=True, useRetina=False, viewOri=0.0, viewPos=None, viewScale=None, waitBlanking=True, winType='pyglet')
4.9689 	EXP 	window1: mouseVisible = True
4.9689 	EXP 	window1: recordFrameIntervals = False
5.1349 	EXP 	window1: recordFrameIntervals = True
5.3183 	EXP 	window1: recordFrameIntervals = False
5.4558 	EXP 	Created instr_text = TextStim(__class__=<class 'psychopy.visual.text.TextStim'>, alignHoriz=method-wrapper(...), alignText='center', alignVert=method-wrapper(...), anchorHoriz='center', anchorVert='center', antialias=True, autoLog=True, bold=False, color=array([1, 1, 1]), colorSpace='rgb', contrast=1.0, depth=0.0, flipHoriz=False, flipVert=False, font='Arial', fontFiles=[], height=0.05, italic=False, languageStyle='LTR', name='instr_text', opacity=1, ori=0, pos=array([0., 0.]), rgb=UNKNOWN, text=str(...), units='height', win=Window(...), wrapWidth=1)
5.4616 	EXP 	Created cont_text = TextStim(__class__=<class 'psychopy.visual.text.TextStim'>, alignHoriz=method-wrapper(...), alignText='center', alignVert=method-wrapper(...), anchorHoriz='center', anchorVert='center', antialias=True, autoLog=True, bold=False, color=array([1, 1, 1]), colorSpace='rgb', contrast=1.0, depth=-1.0, flipHoriz=False, flipVert=False, font='Arial', fontFiles=[], height=0.05, italic=False, languageStyle='LTR', name='cont_text', opacity=1, ori=0, pos=array([ 0. , -0.4]), rgb=UNKNOWN, text='Press SPACE to begin.', units='height', win=Window(...), wrapWidth=1)
5.4654 	EXP 	Created image = ImageStim(__class__=<class 'psychopy.visual.image.ImageStim'>, autoLog=True, color=array([1, 1, 1]), colorSpace='rgb', contrast=1.0, depth=0.0, flipHoriz=False, flipVert=False, image='sin', interpolate=True, mask=None, maskParams=None, name='image', opacity=1, ori=0.0, pos=array([0., 0.]), size=array([1., 1.]), texRes=128, units='height', win=Window(...))
5.4722 	EXP 	Created done_text = TextStim(__class__=<class 'psychopy.visual.text.TextStim'>, alignHoriz=method-wrapper(...), alignText='center', alignVert=method-wrapper(...), anchorHoriz='center', anchorVert='center', antialias=True, autoLog=True, bold=False, color=array([1, 1, 1]), colorSpace='rgb', contrast=1.0, depth=0.0, flipHoriz=False, flipVert=False, font='Arial', fontFiles=[], height=0.05, italic=False, languageStyle='LTR', name='done_text', opacity=1, ori=0, pos=array([0., 0.]), rgb=UNKNOWN, text='Good work!\n\nYou have completed this task.', units='height', win=Window(...), wrapWidth=1)
5.4749 	EXP 	Created end_text = TextStim(__class__=<class 'psychopy.visual.text.TextStim'>, alignHoriz=method-wrapper(...), alignText='center', alignVert=method-wrapper(...), anchorHoriz='center', anchorVert='center', antialias=True, autoLog=True, bold=False, color=array([1, 1, 1]), colorSpace='rgb', contrast=1.0, depth=-2.0, flipHoriz=False, flipVert=False, font='Arial', fontFiles=[], height=0.05, italic=False, languageStyle='LTR', name='end_text', opacity=1, ori=0, pos=array([ 0. , -0.4]), rgb=UNKNOWN, text='Press SPACE to continue.', units='height', win=Window(...), wrapWidth=1)
5.5623 	EXP 	instr_text: autoDraw = True
5.5623 	EXP 	cont_text: autoDraw = True
6.6145 	EXP 	Imported RPM_items.xlsx as conditions, 60 conditions, 3 params
6.6148 	EXP 	Created sequence: sequential, trialTypes=60, nReps=1, seed=None
6.6150 	EXP 	New trial (rep=0, index=0): {'index': 0, 'image_file': '1.jpg', 'correct': 4}
6.6569 	DATA 	Keypress: space
6.6683 	EXP 	instr_text: autoDraw = False
6.6683 	EXP 	cont_text: autoDraw = False
6.6683 	EXP 	image: image = '1.jpg'
6.6683 	EXP 	image: autoDraw = True
7.8554 	EXP 	New trial (rep=0, index=1): {'index': 1, 'image_file': '2.jpg', 'correct': 5}
7.8993 	DATA 	Keypress: 1
7.9186 	EXP 	image: autoDraw = False
7.9186 	EXP 	image: image = '2.jpg'
7.9186 	EXP 	image: autoDraw = True
8.5555 	DATA 	Keypress: 2
8.5724 	EXP 	New trial (rep=0, index=2): {'index': 2, 'image_file': '3.jpg', 'correct': 1}
8.6348 	EXP 	image: autoDraw = False
8.6348 	EXP 	image: image = '3.jpg'
8.6348 	EXP 	image: autoDraw = True
9.1389 	DATA 	Keypress: 2
9.1848 	EXP 	image: autoDraw = False
9.1848 	EXP 	done_text: autoDraw = True
9.1848 	EXP 	end_text: autoDraw = True
9.8721 	DATA 	Keypress: escape
10.0906 	EXP 	window1: mouseVisible = True
